<?xml version="1.0" encoding="UTF-8"?>
<!-- Generated by org.testng.reporters.JUnitXMLReporter -->
<testsuite ignored="0" hostname="DHHCLPF18V2V2" failures="1" tests="21" name="Default test" time="50.698" errors="0" timestamp="2022-06-29T11:43:49 IST">
  <testcase classname="Testcases.TestToolBar" name="verifyVisibleYes" time="0.499"/>
  <testcase classname="Testcases.TestToolBar" name="verifyVisibleNo" time="0.325"/>
  <testcase classname="Testcases.TestToolBar" name="verifyEnableYes" time="0.262"/>
  <testcase classname="Testcases.TestToolBar" name="verifyEnableNo" time="0.368"/>
  <testcase classname="Testcases.TestToolBar" name="verifyShowTooltip" time="0.192"/>
  <testcase classname="Testcases.TestToolBar" name="verifyHiddenTooltip" time="0.276">
    <failure type="java.lang.AssertionError" message="expected [false] but found [true]">
      <![CDATA[java.lang.AssertionError: expected [false] but found [true]
at org.testng.Assert.fail(Assert.java:99)
at org.testng.Assert.failNotEquals(Assert.java:1037)
at org.testng.Assert.assertFalse(Assert.java:67)
at org.testng.Assert.assertFalse(Assert.java:77)
at PageActions.iToolbarActions.validateHiddenToolTip(iToolbarActions.java:61)
at Testcases.TestToolBar.verifyHiddenTooltip(TestToolBar.java:89)
at java.base/jdk.internal.reflect.DirectMethodHandleAccessor.invoke(DirectMethodHandleAccessor.java:104)
at java.base/java.lang.reflect.Method.invoke(Method.java:577)
at org.testng.internal.MethodInvocationHelper.invokeMethod(MethodInvocationHelper.java:133)
at org.testng.internal.TestInvoker.invokeMethod(TestInvoker.java:598)
at org.testng.internal.TestInvoker.invokeTestMethod(TestInvoker.java:173)
at org.testng.internal.MethodRunner.runInSequence(MethodRunner.java:46)
at org.testng.internal.TestInvoker$MethodInvocationAgent.invoke(TestInvoker.java:824)
at org.testng.internal.TestInvoker.invokeTestMethods(TestInvoker.java:146)
at org.testng.internal.TestMethodWorker.invokeTestMethods(TestMethodWorker.java:146)
at org.testng.internal.TestMethodWorker.run(TestMethodWorker.java:128)
at java.base/java.util.ArrayList.forEach(ArrayList.java:1511)
at org.testng.TestRunner.privateRun(TestRunner.java:794)
at org.testng.TestRunner.run(TestRunner.java:596)
at org.testng.SuiteRunner.runTest(SuiteRunner.java:377)
at org.testng.SuiteRunner.runSequentially(SuiteRunner.java:371)
at org.testng.SuiteRunner.privateRun(SuiteRunner.java:332)
at org.testng.SuiteRunner.run(SuiteRunner.java:276)
at org.testng.SuiteRunnerWorker.runSuite(SuiteRunnerWorker.java:53)
at org.testng.SuiteRunnerWorker.run(SuiteRunnerWorker.java:96)
at org.testng.TestNG.runSuitesSequentially(TestNG.java:1212)
at org.testng.TestNG.runSuitesLocally(TestNG.java:1134)
at org.testng.TestNG.runSuites(TestNG.java:1063)
at org.testng.TestNG.run(TestNG.java:1031)
at org.testng.remote.AbstractRemoteTestNG.run(AbstractRemoteTestNG.java:115)
at org.testng.remote.RemoteTestNG.initAndRun(RemoteTestNG.java:251)
at org.testng.remote.RemoteTestNG.main(RemoteTestNG.java:77)
]]>
    </failure>
  </testcase> <!-- verifyHiddenTooltip -->
  <testcase classname="Testcases.TestToolBar" name="verifySample4GetText" time="0.166"/>
  <testcase classname="Testcases.TestToolBar" name="verifySample4SetText" time="0.281"/>
  <testcase classname="Testcases.TestToolBar" name="verifySample5ShowList" time="0.218"/>
  <testcase classname="Testcases.TestToolBar" name="verifySample5HideDrp" time="0.209"/>
  <testcase classname="Testcases.TestToolBar" name="verifySample5GetCount" time="0.155"/>
  <testcase classname="Testcases.TestToolBar" name="verifySample5Focus" time="0.215"/>
  <testcase classname="Testcases.TestToolBar" name="verifySample5KeyDown1" time="0.469"/>
  <testcase classname="Testcases.TestToolBar" name="verifySample5KeyDown2" time="0.306"/>
  <testcase classname="Testcases.TestToolBar" name="verifySample5KeyDown3" time="0.469"/>
  <testcase classname="Testcases.TestToolBar" name="verifySample5KeyDown4" time="0.43"/>
  <testcase classname="Testcases.TestToolBar" name="verifySample5KeyDown5" time="0.332"/>
  <testcase classname="Testcases.TestToolBar" name="verifySample6AddITem" time="0.184"/>
  <testcase classname="Testcases.TestToolBar" name="verifySample6Remove" time="0.183"/>
  <testcase classname="Testcases.TestToolBar" name="verifySample6Clear" time="10.369"/>
  <testcase classname="Testcases.TestToolBar" name="verifySample7" time="0.305"/>
</testsuite> <!-- Default test -->
