<?xml version="1.0" encoding="UTF-8"?>
<!-- Generated by org.testng.reporters.JUnitReportReporter -->
<testsuite hostname="DHHCLPF18V2V2" failures="1" tests="21" name="Testcases.TestToolBar" time="49.113" errors="0" timestamp="2022-06-29T11:43:50 IST" skipped="0">
  <testcase classname="Testcases.TestToolBar" name="verifyVisibleYes" time="1.859"/>
  <system-out/>
  <testcase classname="Testcases.TestToolBar" name="verifyVisibleNo" time="2.053"/>
  <system-out/>
  <testcase classname="Testcases.TestToolBar" name="verifyEnableYes" time="1.823"/>
  <system-out/>
  <testcase classname="Testcases.TestToolBar" name="verifyEnableNo" time="1.839"/>
  <system-out/>
  <testcase classname="Testcases.TestToolBar" name="verifyShowTooltip" time="1.717"/>
  <system-out/>
  <testcase classname="Testcases.TestToolBar" name="verifyHiddenTooltip" time="1.748">
    <failure message="expected [false] but found [true]" type="java.lang.AssertionError">
      <![CDATA[java.lang.AssertionError: expected [false] but found [true]
at org.testng.Assert.fail(Assert.java:99)
at org.testng.Assert.failNotEquals(Assert.java:1037)
at org.testng.Assert.assertFalse(Assert.java:67)
at org.testng.Assert.assertFalse(Assert.java:77)
at PageActions.iToolbarActions.validateHiddenToolTip(iToolbarActions.java:61)
at Testcases.TestToolBar.verifyHiddenTooltip(TestToolBar.java:89)
at java.base/jdk.internal.reflect.DirectMethodHandleAccessor.invoke(DirectMethodHandleAccessor.java:104)
at java.base/java.lang.reflect.Method.invoke(Method.java:577)
at org.testng.internal.MethodInvocationHelper.invokeMethod(MethodInvocationHelper.java:133)
at org.testng.internal.TestInvoker.invokeMethod(TestInvoker.java:598)
at org.testng.internal.TestInvoker.invokeTestMethod(TestInvoker.java:173)
at org.testng.internal.MethodRunner.runInSequence(MethodRunner.java:46)
at org.testng.internal.TestInvoker$MethodInvocationAgent.invoke(TestInvoker.java:824)
at org.testng.internal.TestInvoker.invokeTestMethods(TestInvoker.java:146)
at org.testng.internal.TestMethodWorker.invokeTestMethods(TestMethodWorker.java:146)
at org.testng.internal.TestMethodWorker.run(TestMethodWorker.java:128)
at java.base/java.util.ArrayList.forEach(ArrayList.java:1511)
at org.testng.TestRunner.privateRun(TestRunner.java:794)
at org.testng.TestRunner.run(TestRunner.java:596)
at org.testng.SuiteRunner.runTest(SuiteRunner.java:377)
at org.testng.SuiteRunner.runSequentially(SuiteRunner.java:371)
at org.testng.SuiteRunner.privateRun(SuiteRunner.java:332)
at org.testng.SuiteRunner.run(SuiteRunner.java:276)
at org.testng.SuiteRunnerWorker.runSuite(SuiteRunnerWorker.java:53)
at org.testng.SuiteRunnerWorker.run(SuiteRunnerWorker.java:96)
at org.testng.TestNG.runSuitesSequentially(TestNG.java:1212)
at org.testng.TestNG.runSuitesLocally(TestNG.java:1134)
at org.testng.TestNG.runSuites(TestNG.java:1063)
at org.testng.TestNG.run(TestNG.java:1031)
at org.testng.remote.AbstractRemoteTestNG.run(AbstractRemoteTestNG.java:115)
at org.testng.remote.RemoteTestNG.initAndRun(RemoteTestNG.java:251)
at org.testng.remote.RemoteTestNG.main(RemoteTestNG.java:77)
]]>
    </failure>
  </testcase> <!-- verifyHiddenTooltip -->
  <system-out/>
  <testcase classname="Testcases.TestToolBar" name="verifySample4GetText" time="1.708"/>
  <system-out/>
  <testcase classname="Testcases.TestToolBar" name="verifySample4SetText" time="1.656"/>
  <system-out/>
  <testcase classname="Testcases.TestToolBar" name="verifySample5ShowList" time="1.801"/>
  <system-out/>
  <testcase classname="Testcases.TestToolBar" name="verifySample5HideDrp" time="1.632"/>
  <system-out/>
  <testcase classname="Testcases.TestToolBar" name="verifySample5GetCount" time="1.592"/>
  <system-out/>
  <testcase classname="Testcases.TestToolBar" name="verifySample5Focus" time="1.948"/>
  <system-out/>
  <testcase classname="Testcases.TestToolBar" name="verifySample5KeyDown1" time="2.300"/>
  <system-out/>
  <testcase classname="Testcases.TestToolBar" name="verifySample5KeyDown2" time="1.830"/>
  <system-out/>
  <testcase classname="Testcases.TestToolBar" name="verifySample5KeyDown3" time="2.035"/>
  <system-out/>
  <testcase classname="Testcases.TestToolBar" name="verifySample5KeyDown4" time="2.157"/>
  <system-out/>
  <testcase classname="Testcases.TestToolBar" name="verifySample5KeyDown5" time="2.536"/>
  <system-out/>
  <testcase classname="Testcases.TestToolBar" name="verifySample6AddITem" time="1.652"/>
  <system-out/>
  <testcase classname="Testcases.TestToolBar" name="verifySample6Remove" time="1.660"/>
  <system-out/>
  <testcase classname="Testcases.TestToolBar" name="verifySample6Clear" time="11.821"/>
  <system-out/>
  <testcase classname="Testcases.TestToolBar" name="verifySample7" time="1.746"/>
  <system-out/>
</testsuite> <!-- Testcases.TestToolBar -->
