<?xml version="1.0" encoding="UTF-8"?>
<!-- Generated by org.testng.reporters.JUnitReportReporter -->
<testsuite hostname="DHHCLPF18V2V2" failures="7" tests="48" name="Testcases.TestAddrControl" time="170.549" errors="0" timestamp="2022-06-29T11:37:53 IST" skipped="0">
  <testcase classname="Testcases.TestAddrControl" name="verifyEnableSFSiconTrue" time="2.992"/>
  <system-out/>
  <testcase classname="Testcases.TestAddrControl" name="verifyEnableSFSiconFalse" time="2.764"/>
  <system-out/>
  <testcase classname="Testcases.TestAddrControl" name="verifyVisibleSFSiconTrue" time="2.772"/>
  <system-out/>
  <testcase classname="Testcases.TestAddrControl" name="verifyVisibleSFSiconFalse" time="2.827">
    <failure message="expected [false] but found [true]" type="java.lang.AssertionError">
      <![CDATA[java.lang.AssertionError: expected [false] but found [true]
at org.testng.Assert.fail(Assert.java:99)
at org.testng.Assert.failNotEquals(Assert.java:1037)
at org.testng.Assert.assertFalse(Assert.java:67)
at org.testng.Assert.assertFalse(Assert.java:77)
at PageActions.iAddrControlActions.validateVisibleSFSiconFalse(iAddrControlActions.java:45)
at Testcases.TestAddrControl.verifyVisibleSFSiconFalse(TestAddrControl.java:77)
at java.base/jdk.internal.reflect.DirectMethodHandleAccessor.invoke(DirectMethodHandleAccessor.java:104)
at java.base/java.lang.reflect.Method.invoke(Method.java:577)
at org.testng.internal.MethodInvocationHelper.invokeMethod(MethodInvocationHelper.java:133)
at org.testng.internal.TestInvoker.invokeMethod(TestInvoker.java:598)
at org.testng.internal.TestInvoker.invokeTestMethod(TestInvoker.java:173)
at org.testng.internal.MethodRunner.runInSequence(MethodRunner.java:46)
at org.testng.internal.TestInvoker$MethodInvocationAgent.invoke(TestInvoker.java:824)
at org.testng.internal.TestInvoker.invokeTestMethods(TestInvoker.java:146)
at org.testng.internal.TestMethodWorker.invokeTestMethods(TestMethodWorker.java:146)
at org.testng.internal.TestMethodWorker.run(TestMethodWorker.java:128)
at java.base/java.util.ArrayList.forEach(ArrayList.java:1511)
at org.testng.TestRunner.privateRun(TestRunner.java:794)
at org.testng.TestRunner.run(TestRunner.java:596)
at org.testng.SuiteRunner.runTest(SuiteRunner.java:377)
at org.testng.SuiteRunner.runSequentially(SuiteRunner.java:371)
at org.testng.SuiteRunner.privateRun(SuiteRunner.java:332)
at org.testng.SuiteRunner.run(SuiteRunner.java:276)
at org.testng.SuiteRunnerWorker.runSuite(SuiteRunnerWorker.java:53)
at org.testng.SuiteRunnerWorker.run(SuiteRunnerWorker.java:96)
at org.testng.TestNG.runSuitesSequentially(TestNG.java:1212)
at org.testng.TestNG.runSuitesLocally(TestNG.java:1134)
at org.testng.TestNG.runSuites(TestNG.java:1063)
at org.testng.TestNG.run(TestNG.java:1031)
at org.testng.remote.AbstractRemoteTestNG.run(AbstractRemoteTestNG.java:115)
at org.testng.remote.RemoteTestNG.initAndRun(RemoteTestNG.java:251)
at org.testng.remote.RemoteTestNG.main(RemoteTestNG.java:77)
]]>
    </failure>
  </testcase> <!-- verifyVisibleSFSiconFalse -->
  <system-out/>
  <testcase classname="Testcases.TestAddrControl" name="verifyEnableAddressTrue" time="2.844"/>
  <system-out/>
  <testcase classname="Testcases.TestAddrControl" name="verifyEnableAddressFalse" time="2.909"/>
  <system-out/>
  <testcase classname="Testcases.TestAddrControl" name="verifyVisibleAddressTrue" time="2.925"/>
  <system-out/>
  <testcase classname="Testcases.TestAddrControl" name="verifyVisibleAddressFalse" time="2.487">
    <failure message="expected [false] but found [true]" type="java.lang.AssertionError">
      <![CDATA[java.lang.AssertionError: expected [false] but found [true]
at org.testng.Assert.fail(Assert.java:99)
at org.testng.Assert.failNotEquals(Assert.java:1037)
at org.testng.Assert.assertEqualsImpl(Assert.java:140)
at org.testng.Assert.assertEquals(Assert.java:122)
at org.testng.Assert.assertEquals(Assert.java:629)
at org.testng.Assert.assertEquals(Assert.java:639)
at PageActions.iAddrControlActions.validateVisibleAddressFalse(iAddrControlActions.java:76)
at Testcases.TestAddrControl.verifyVisibleAddressFalse(TestAddrControl.java:97)
at java.base/jdk.internal.reflect.DirectMethodHandleAccessor.invoke(DirectMethodHandleAccessor.java:104)
at java.base/java.lang.reflect.Method.invoke(Method.java:577)
at org.testng.internal.MethodInvocationHelper.invokeMethod(MethodInvocationHelper.java:133)
at org.testng.internal.TestInvoker.invokeMethod(TestInvoker.java:598)
at org.testng.internal.TestInvoker.invokeTestMethod(TestInvoker.java:173)
at org.testng.internal.MethodRunner.runInSequence(MethodRunner.java:46)
at org.testng.internal.TestInvoker$MethodInvocationAgent.invoke(TestInvoker.java:824)
at org.testng.internal.TestInvoker.invokeTestMethods(TestInvoker.java:146)
at org.testng.internal.TestMethodWorker.invokeTestMethods(TestMethodWorker.java:146)
at org.testng.internal.TestMethodWorker.run(TestMethodWorker.java:128)
at java.base/java.util.ArrayList.forEach(ArrayList.java:1511)
at org.testng.TestRunner.privateRun(TestRunner.java:794)
at org.testng.TestRunner.run(TestRunner.java:596)
at org.testng.SuiteRunner.runTest(SuiteRunner.java:377)
at org.testng.SuiteRunner.runSequentially(SuiteRunner.java:371)
at org.testng.SuiteRunner.privateRun(SuiteRunner.java:332)
at org.testng.SuiteRunner.run(SuiteRunner.java:276)
at org.testng.SuiteRunnerWorker.runSuite(SuiteRunnerWorker.java:53)
at org.testng.SuiteRunnerWorker.run(SuiteRunnerWorker.java:96)
at org.testng.TestNG.runSuitesSequentially(TestNG.java:1212)
at org.testng.TestNG.runSuitesLocally(TestNG.java:1134)
at org.testng.TestNG.runSuites(TestNG.java:1063)
at org.testng.TestNG.run(TestNG.java:1031)
at org.testng.remote.AbstractRemoteTestNG.run(AbstractRemoteTestNG.java:115)
at org.testng.remote.RemoteTestNG.initAndRun(RemoteTestNG.java:251)
at org.testng.remote.RemoteTestNG.main(RemoteTestNG.java:77)
]]>
    </failure>
  </testcase> <!-- verifyVisibleAddressFalse -->
  <system-out/>
  <testcase classname="Testcases.TestAddrControl" name="verifyIsEnableAddressTrue" time="2.601"/>
  <system-out/>
  <testcase classname="Testcases.TestAddrControl" name="verifyIsEnableAddressFalse" time="2.758"/>
  <system-out/>
  <testcase classname="Testcases.TestAddrControl" name="verifyIsVisibleAddressTrue" time="2.592"/>
  <system-out/>
  <testcase classname="Testcases.TestAddrControl" name="verifyIsVisibleAddressFalse" time="3.219"/>
  <system-out/>
  <testcase classname="Testcases.TestAddrControl" name="verifyIsIsEnableSFSiconTrue" time="3.362"/>
  <system-out/>
  <testcase classname="Testcases.TestAddrControl" name="verifyIsIsEnableSFSiconFalse" time="2.604"/>
  <system-out/>
  <testcase classname="Testcases.TestAddrControl" name="verifyIsVisibleSFSiconTrue" time="4.687"/>
  <system-out/>
  <testcase classname="Testcases.TestAddrControl" name="verifyIsVisibleSFSiconFalse" time="3.172">
    <failure message="expected [false] but found [true]" type="java.lang.AssertionError">
      <![CDATA[java.lang.AssertionError: expected [false] but found [true]
at org.testng.Assert.fail(Assert.java:99)
at org.testng.Assert.failNotEquals(Assert.java:1037)
at org.testng.Assert.assertEqualsImpl(Assert.java:140)
at org.testng.Assert.assertEquals(Assert.java:122)
at org.testng.Assert.assertEquals(Assert.java:629)
at org.testng.Assert.assertEquals(Assert.java:639)
at PageActions.iAddrControlActions.validateIsVisibleSFSiconFalse(iAddrControlActions.java:150)
at Testcases.TestAddrControl.verifyIsVisibleSFSiconFalse(TestAddrControl.java:137)
at java.base/jdk.internal.reflect.DirectMethodHandleAccessor.invoke(DirectMethodHandleAccessor.java:104)
at java.base/java.lang.reflect.Method.invoke(Method.java:577)
at org.testng.internal.MethodInvocationHelper.invokeMethod(MethodInvocationHelper.java:133)
at org.testng.internal.TestInvoker.invokeMethod(TestInvoker.java:598)
at org.testng.internal.TestInvoker.invokeTestMethod(TestInvoker.java:173)
at org.testng.internal.MethodRunner.runInSequence(MethodRunner.java:46)
at org.testng.internal.TestInvoker$MethodInvocationAgent.invoke(TestInvoker.java:824)
at org.testng.internal.TestInvoker.invokeTestMethods(TestInvoker.java:146)
at org.testng.internal.TestMethodWorker.invokeTestMethods(TestMethodWorker.java:146)
at org.testng.internal.TestMethodWorker.run(TestMethodWorker.java:128)
at java.base/java.util.ArrayList.forEach(ArrayList.java:1511)
at org.testng.TestRunner.privateRun(TestRunner.java:794)
at org.testng.TestRunner.run(TestRunner.java:596)
at org.testng.SuiteRunner.runTest(SuiteRunner.java:377)
at org.testng.SuiteRunner.runSequentially(SuiteRunner.java:371)
at org.testng.SuiteRunner.privateRun(SuiteRunner.java:332)
at org.testng.SuiteRunner.run(SuiteRunner.java:276)
at org.testng.SuiteRunnerWorker.runSuite(SuiteRunnerWorker.java:53)
at org.testng.SuiteRunnerWorker.run(SuiteRunnerWorker.java:96)
at org.testng.TestNG.runSuitesSequentially(TestNG.java:1212)
at org.testng.TestNG.runSuitesLocally(TestNG.java:1134)
at org.testng.TestNG.runSuites(TestNG.java:1063)
at org.testng.TestNG.run(TestNG.java:1031)
at org.testng.remote.AbstractRemoteTestNG.run(AbstractRemoteTestNG.java:115)
at org.testng.remote.RemoteTestNG.initAndRun(RemoteTestNG.java:251)
at org.testng.remote.RemoteTestNG.main(RemoteTestNG.java:77)
]]>
    </failure>
  </testcase> <!-- verifyIsVisibleSFSiconFalse -->
  <system-out/>
  <testcase classname="Testcases.TestAddrControl" name="verifySetFocus" time="2.212"/>
  <system-out/>
  <testcase classname="Testcases.TestAddrControl" name="verifyGetCountryText" time="2.288"/>
  <system-out/>
  <testcase classname="Testcases.TestAddrControl" name="verifyGetCountryValue" time="2.483">
    <failure message="expected [false] but found [true]" type="java.lang.AssertionError">
      <![CDATA[java.lang.AssertionError: expected [false] but found [true]
at org.testng.Assert.fail(Assert.java:99)
at org.testng.Assert.failNotEquals(Assert.java:1037)
at org.testng.Assert.assertFalse(Assert.java:67)
at org.testng.Assert.assertFalse(Assert.java:77)
at PageActions.iAddrControlActions.validateGetCountryValue(iAddrControlActions.java:170)
at Testcases.TestAddrControl.verifyGetCountryValue(TestAddrControl.java:152)
at java.base/jdk.internal.reflect.DirectMethodHandleAccessor.invoke(DirectMethodHandleAccessor.java:104)
at java.base/java.lang.reflect.Method.invoke(Method.java:577)
at org.testng.internal.MethodInvocationHelper.invokeMethod(MethodInvocationHelper.java:133)
at org.testng.internal.TestInvoker.invokeMethod(TestInvoker.java:598)
at org.testng.internal.TestInvoker.invokeTestMethod(TestInvoker.java:173)
at org.testng.internal.MethodRunner.runInSequence(MethodRunner.java:46)
at org.testng.internal.TestInvoker$MethodInvocationAgent.invoke(TestInvoker.java:824)
at org.testng.internal.TestInvoker.invokeTestMethods(TestInvoker.java:146)
at org.testng.internal.TestMethodWorker.invokeTestMethods(TestMethodWorker.java:146)
at org.testng.internal.TestMethodWorker.run(TestMethodWorker.java:128)
at java.base/java.util.ArrayList.forEach(ArrayList.java:1511)
at org.testng.TestRunner.privateRun(TestRunner.java:794)
at org.testng.TestRunner.run(TestRunner.java:596)
at org.testng.SuiteRunner.runTest(SuiteRunner.java:377)
at org.testng.SuiteRunner.runSequentially(SuiteRunner.java:371)
at org.testng.SuiteRunner.privateRun(SuiteRunner.java:332)
at org.testng.SuiteRunner.run(SuiteRunner.java:276)
at org.testng.SuiteRunnerWorker.runSuite(SuiteRunnerWorker.java:53)
at org.testng.SuiteRunnerWorker.run(SuiteRunnerWorker.java:96)
at org.testng.TestNG.runSuitesSequentially(TestNG.java:1212)
at org.testng.TestNG.runSuitesLocally(TestNG.java:1134)
at org.testng.TestNG.runSuites(TestNG.java:1063)
at org.testng.TestNG.run(TestNG.java:1031)
at org.testng.remote.AbstractRemoteTestNG.run(AbstractRemoteTestNG.java:115)
at org.testng.remote.RemoteTestNG.initAndRun(RemoteTestNG.java:251)
at org.testng.remote.RemoteTestNG.main(RemoteTestNG.java:77)
]]>
    </failure>
  </testcase> <!-- verifyGetCountryValue -->
  <system-out/>
  <testcase classname="Testcases.TestAddrControl" name="verifySetCountryText" time="2.158"/>
  <system-out/>
  <testcase classname="Testcases.TestAddrControl" name="verifySetCountryValue" time="2.126"/>
  <system-out/>
  <testcase classname="Testcases.TestAddrControl" name="verifyShowAddress" time="2.371"/>
  <system-out/>
  <testcase classname="Testcases.TestAddrControl" name="verifyShowAddressType" time="2.390"/>
  <system-out/>
  <testcase classname="Testcases.TestAddrControl" name="verifyShowToolTip" time="2.574">
    <failure message="expected [] but found [ADDR 1]" type="java.lang.AssertionError">
      <![CDATA[java.lang.AssertionError: expected [] but found [ADDR 1]
at org.testng.Assert.fail(Assert.java:99)
at org.testng.Assert.failNotEquals(Assert.java:1037)
at org.testng.Assert.assertEqualsImpl(Assert.java:140)
at org.testng.Assert.assertEquals(Assert.java:122)
at org.testng.Assert.assertEquals(Assert.java:629)
at org.testng.Assert.assertEquals(Assert.java:639)
at PageActions.iAddrControlActions.validateShowToolTip(iAddrControlActions.java:199)
at Testcases.TestAddrControl.verifyShowToolTip(TestAddrControl.java:177)
at java.base/jdk.internal.reflect.DirectMethodHandleAccessor.invoke(DirectMethodHandleAccessor.java:104)
at java.base/java.lang.reflect.Method.invoke(Method.java:577)
at org.testng.internal.MethodInvocationHelper.invokeMethod(MethodInvocationHelper.java:133)
at org.testng.internal.TestInvoker.invokeMethod(TestInvoker.java:598)
at org.testng.internal.TestInvoker.invokeTestMethod(TestInvoker.java:173)
at org.testng.internal.MethodRunner.runInSequence(MethodRunner.java:46)
at org.testng.internal.TestInvoker$MethodInvocationAgent.invoke(TestInvoker.java:824)
at org.testng.internal.TestInvoker.invokeTestMethods(TestInvoker.java:146)
at org.testng.internal.TestMethodWorker.invokeTestMethods(TestMethodWorker.java:146)
at org.testng.internal.TestMethodWorker.run(TestMethodWorker.java:128)
at java.base/java.util.ArrayList.forEach(ArrayList.java:1511)
at org.testng.TestRunner.privateRun(TestRunner.java:794)
at org.testng.TestRunner.run(TestRunner.java:596)
at org.testng.SuiteRunner.runTest(SuiteRunner.java:377)
at org.testng.SuiteRunner.runSequentially(SuiteRunner.java:371)
at org.testng.SuiteRunner.privateRun(SuiteRunner.java:332)
at org.testng.SuiteRunner.run(SuiteRunner.java:276)
at org.testng.SuiteRunnerWorker.runSuite(SuiteRunnerWorker.java:53)
at org.testng.SuiteRunnerWorker.run(SuiteRunnerWorker.java:96)
at org.testng.TestNG.runSuitesSequentially(TestNG.java:1212)
at org.testng.TestNG.runSuitesLocally(TestNG.java:1134)
at org.testng.TestNG.runSuites(TestNG.java:1063)
at org.testng.TestNG.run(TestNG.java:1031)
at org.testng.remote.AbstractRemoteTestNG.run(AbstractRemoteTestNG.java:115)
at org.testng.remote.RemoteTestNG.initAndRun(RemoteTestNG.java:251)
at org.testng.remote.RemoteTestNG.main(RemoteTestNG.java:77)
]]>
    </failure>
  </testcase> <!-- verifyShowToolTip -->
  <system-out/>
  <testcase classname="Testcases.TestAddrControl" name="verifyGetSFSVisibleStatusTrue" time="3.405"/>
  <system-out/>
  <testcase classname="Testcases.TestAddrControl" name="verifyGetSFSVisibleStatusFalse" time="2.568">
    <failure message="expected [false] but found [true]" type="java.lang.AssertionError">
      <![CDATA[java.lang.AssertionError: expected [false] but found [true]
at org.testng.Assert.fail(Assert.java:99)
at org.testng.Assert.failNotEquals(Assert.java:1037)
at org.testng.Assert.assertFalse(Assert.java:67)
at org.testng.Assert.assertFalse(Assert.java:77)
at PageActions.iAddrControlActions.validateGetSFSVisibleStatusFalse(iAddrControlActions.java:215)
at Testcases.TestAddrControl.verifyGetSFSVisibleStatusFalse(TestAddrControl.java:187)
at java.base/jdk.internal.reflect.DirectMethodHandleAccessor.invoke(DirectMethodHandleAccessor.java:104)
at java.base/java.lang.reflect.Method.invoke(Method.java:577)
at org.testng.internal.MethodInvocationHelper.invokeMethod(MethodInvocationHelper.java:133)
at org.testng.internal.TestInvoker.invokeMethod(TestInvoker.java:598)
at org.testng.internal.TestInvoker.invokeTestMethod(TestInvoker.java:173)
at org.testng.internal.MethodRunner.runInSequence(MethodRunner.java:46)
at org.testng.internal.TestInvoker$MethodInvocationAgent.invoke(TestInvoker.java:824)
at org.testng.internal.TestInvoker.invokeTestMethods(TestInvoker.java:146)
at org.testng.internal.TestMethodWorker.invokeTestMethods(TestMethodWorker.java:146)
at org.testng.internal.TestMethodWorker.run(TestMethodWorker.java:128)
at java.base/java.util.ArrayList.forEach(ArrayList.java:1511)
at org.testng.TestRunner.privateRun(TestRunner.java:794)
at org.testng.TestRunner.run(TestRunner.java:596)
at org.testng.SuiteRunner.runTest(SuiteRunner.java:377)
at org.testng.SuiteRunner.runSequentially(SuiteRunner.java:371)
at org.testng.SuiteRunner.privateRun(SuiteRunner.java:332)
at org.testng.SuiteRunner.run(SuiteRunner.java:276)
at org.testng.SuiteRunnerWorker.runSuite(SuiteRunnerWorker.java:53)
at org.testng.SuiteRunnerWorker.run(SuiteRunnerWorker.java:96)
at org.testng.TestNG.runSuitesSequentially(TestNG.java:1212)
at org.testng.TestNG.runSuitesLocally(TestNG.java:1134)
at org.testng.TestNG.runSuites(TestNG.java:1063)
at org.testng.TestNG.run(TestNG.java:1031)
at org.testng.remote.AbstractRemoteTestNG.run(AbstractRemoteTestNG.java:115)
at org.testng.remote.RemoteTestNG.initAndRun(RemoteTestNG.java:251)
at org.testng.remote.RemoteTestNG.main(RemoteTestNG.java:77)
]]>
    </failure>
  </testcase> <!-- verifyGetSFSVisibleStatusFalse -->
  <system-out/>
  <testcase classname="Testcases.TestAddrControl" name="verifyGetSFSDisplayStatusTrue" time="2.478"/>
  <system-out/>
  <testcase classname="Testcases.TestAddrControl" name="verifyGetSFSDisplayStatusFalse" time="2.513"/>
  <system-out/>
  <testcase classname="Testcases.TestAddrControl" name="verifyGetAvailableCodes" time="6.129"/>
  <system-out/>
  <testcase classname="Testcases.TestAddrControl" name="verifyGetMandatoryCodes" time="3.318"/>
  <system-out/>
  <testcase classname="Testcases.TestAddrControl" name="verifyGetEmptyFeildCodes" time="3.159"/>
  <system-out/>
  <testcase classname="Testcases.TestAddrControl" name="verifyGetAddress" time="4.002"/>
  <system-out/>
  <testcase classname="Testcases.TestAddrControl" name="verifyGetCodeForLabel" time="4.398"/>
  <system-out/>
  <testcase classname="Testcases.TestAddrControl" name="verifySetAddress" time="3.973"/>
  <system-out/>
  <testcase classname="Testcases.TestAddrControl" name="verifyAddressAccessKey" time="2.496"/>
  <system-out/>
  <testcase classname="Testcases.TestAddrControl" name="verifyTeleAccessKey" time="3.951"/>
  <system-out/>
  <testcase classname="Testcases.TestAddrControl" name="verifyFaxAccessKey" time="3.842"/>
  <system-out/>
  <testcase classname="Testcases.TestAddrControl" name="verifyEmailAccessKey" time="3.433"/>
  <system-out/>
  <testcase classname="Testcases.TestAddrControl" name="verifyWebsiteAccessKey" time="3.178"/>
  <system-out/>
  <testcase classname="Testcases.TestAddrControl" name="verifyHorizontal" time="3.703"/>
  <system-out/>
  <testcase classname="Testcases.TestAddrControl" name="verifyMediumAddressType" time="5.355"/>
  <system-out/>
  <testcase classname="Testcases.TestAddrControl" name="verifyLargeAddressType" time="3.327"/>
  <system-out/>
  <testcase classname="Testcases.TestAddrControl" name="verifyVertical" time="4.022"/>
  <system-out/>
  <testcase classname="Testcases.TestAddrControl" name="verifySmallAddressType" time="18.096"/>
  <system-out/>
  <testcase classname="Testcases.TestAddrControl" name="verifyAddress1Type" time="4.386"/>
  <system-out/>
  <testcase classname="Testcases.TestAddrControl" name="verifyCommunicationAddressType" time="5.429"/>
  <system-out/>
  <testcase classname="Testcases.TestAddrControl" name="verifyPostalCode" time="2.479">
    <failure message="expected [600017] but found [600017chennai]" type="java.lang.AssertionError">
      <![CDATA[java.lang.AssertionError: expected [600017] but found [600017chennai]
at org.testng.Assert.fail(Assert.java:99)
at org.testng.Assert.failNotEquals(Assert.java:1037)
at org.testng.Assert.assertEqualsImpl(Assert.java:140)
at org.testng.Assert.assertEquals(Assert.java:122)
at org.testng.Assert.assertEquals(Assert.java:629)
at org.testng.Assert.assertEquals(Assert.java:639)
at PageActions.iAddrControlActions.validatePostalCode(iAddrControlActions.java:359)
at Testcases.TestAddrControl.verifyPostalCode(TestAddrControl.java:259)
at java.base/jdk.internal.reflect.DirectMethodHandleAccessor.invoke(DirectMethodHandleAccessor.java:104)
at java.base/java.lang.reflect.Method.invoke(Method.java:577)
at org.testng.internal.MethodInvocationHelper.invokeMethod(MethodInvocationHelper.java:133)
at org.testng.internal.TestInvoker.invokeMethod(TestInvoker.java:598)
at org.testng.internal.TestInvoker.invokeTestMethod(TestInvoker.java:173)
at org.testng.internal.MethodRunner.runInSequence(MethodRunner.java:46)
at org.testng.internal.TestInvoker$MethodInvocationAgent.invoke(TestInvoker.java:824)
at org.testng.internal.TestInvoker.invokeTestMethods(TestInvoker.java:146)
at org.testng.internal.TestMethodWorker.invokeTestMethods(TestMethodWorker.java:146)
at org.testng.internal.TestMethodWorker.run(TestMethodWorker.java:128)
at java.base/java.util.ArrayList.forEach(ArrayList.java:1511)
at org.testng.TestRunner.privateRun(TestRunner.java:794)
at org.testng.TestRunner.run(TestRunner.java:596)
at org.testng.SuiteRunner.runTest(SuiteRunner.java:377)
at org.testng.SuiteRunner.runSequentially(SuiteRunner.java:371)
at org.testng.SuiteRunner.privateRun(SuiteRunner.java:332)
at org.testng.SuiteRunner.run(SuiteRunner.java:276)
at org.testng.SuiteRunnerWorker.runSuite(SuiteRunnerWorker.java:53)
at org.testng.SuiteRunnerWorker.run(SuiteRunnerWorker.java:96)
at org.testng.TestNG.runSuitesSequentially(TestNG.java:1212)
at org.testng.TestNG.runSuitesLocally(TestNG.java:1134)
at org.testng.TestNG.runSuites(TestNG.java:1063)
at org.testng.TestNG.run(TestNG.java:1031)
at org.testng.remote.AbstractRemoteTestNG.run(AbstractRemoteTestNG.java:115)
at org.testng.remote.RemoteTestNG.initAndRun(RemoteTestNG.java:251)
at org.testng.remote.RemoteTestNG.main(RemoteTestNG.java:77)
]]>
    </failure>
  </testcase> <!-- verifyPostalCode -->
  <system-out/>
  <testcase classname="Testcases.TestAddrControl" name="verifyBothAddressType" time="4.792"/>
  <system-out/>
</testsuite> <!-- Testcases.TestAddrControl -->
